mode: set
github.com/abroudoux/twinpick/cmd/api/main.go:9.13,16.2 5 0
github.com/abroudoux/twinpick/internal/adapters/mcp/server.go:41.53,43.2 1 0
github.com/abroudoux/twinpick/internal/adapters/mcp/server.go:45.24,47.16 2 0
github.com/abroudoux/twinpick/internal/adapters/mcp/server.go:47.16,50.3 2 0
github.com/abroudoux/twinpick/internal/adapters/mcp/server.go:52.2,53.52 2 0
github.com/abroudoux/twinpick/internal/adapters/mcp/server.go:53.52,56.3 2 0
github.com/abroudoux/twinpick/internal/adapters/mcp/server.go:58.2,59.58 2 0
github.com/abroudoux/twinpick/internal/adapters/mcp/server.go:59.58,62.3 2 0
github.com/abroudoux/twinpick/internal/adapters/mcp/server.go:64.2,64.19 1 0
github.com/abroudoux/twinpick/internal/adapters/mcp/server.go:65.14,67.63 2 0
github.com/abroudoux/twinpick/internal/adapters/mcp/server.go:67.63,70.4 2 0
github.com/abroudoux/twinpick/internal/adapters/mcp/server.go:72.3,75.17 3 0
github.com/abroudoux/twinpick/internal/adapters/mcp/server.go:75.17,78.4 2 0
github.com/abroudoux/twinpick/internal/adapters/mcp/server.go:80.3,89.42 2 0
github.com/abroudoux/twinpick/internal/adapters/mcp/server.go:90.10,91.81 1 0
github.com/abroudoux/twinpick/cmd/cli/main.go:9.13,14.2 3 0
github.com/abroudoux/twinpick/cmd/mcp/main.go:9.13,15.2 4 0
github.com/abroudoux/twinpick/internal/adapters/cli/cli.go:27.43,30.42 2 0
github.com/abroudoux/twinpick/internal/adapters/cli/cli.go:30.42,32.3 1 0
github.com/abroudoux/twinpick/internal/adapters/cli/cli.go:35.13,48.2 6 0
github.com/abroudoux/twinpick/internal/adapters/cli/cli.go:50.55,51.21 1 0
github.com/abroudoux/twinpick/internal/adapters/cli/cli.go:51.21,53.3 1 0
github.com/abroudoux/twinpick/internal/adapters/cli/cli.go:55.2,57.18 3 0
github.com/abroudoux/twinpick/internal/adapters/cli/cli.go:57.18,58.48 1 0
github.com/abroudoux/twinpick/internal/adapters/cli/cli.go:58.48,59.54 1 0
github.com/abroudoux/twinpick/internal/adapters/cli/cli.go:59.54,61.5 1 0
github.com/abroudoux/twinpick/internal/adapters/cli/cli.go:65.2,68.16 3 0
github.com/abroudoux/twinpick/internal/adapters/cli/cli.go:68.16,70.3 1 0
github.com/abroudoux/twinpick/internal/adapters/cli/cli.go:72.2,72.21 1 0
github.com/abroudoux/twinpick/internal/adapters/cli/cli.go:72.21,75.3 2 0
github.com/abroudoux/twinpick/internal/adapters/cli/cli.go:77.2,78.26 2 0
github.com/abroudoux/twinpick/internal/adapters/cli/cli.go:78.26,80.3 1 0
github.com/abroudoux/twinpick/internal/adapters/cli/cli.go:82.2,82.12 1 0
github.com/abroudoux/twinpick/internal/infrastructure/client/client.go:22.70,23.18 1 0
github.com/abroudoux/twinpick/internal/infrastructure/client/client.go:23.18,25.3 1 0
github.com/abroudoux/twinpick/internal/infrastructure/client/client.go:27.2,31.29 4 0
github.com/abroudoux/twinpick/internal/infrastructure/client/client.go:31.29,32.33 1 0
github.com/abroudoux/twinpick/internal/infrastructure/client/client.go:32.33,33.12 1 0
github.com/abroudoux/twinpick/internal/infrastructure/client/client.go:36.3,37.30 2 0
github.com/abroudoux/twinpick/internal/infrastructure/client/client.go:37.30,42.18 4 0
github.com/abroudoux/twinpick/internal/infrastructure/client/client.go:42.18,45.5 2 0
github.com/abroudoux/twinpick/internal/infrastructure/client/client.go:46.4,48.40 2 0
github.com/abroudoux/twinpick/internal/infrastructure/client/client.go:48.40,51.5 2 0
github.com/abroudoux/twinpick/internal/infrastructure/client/client.go:53.4,54.18 2 0
github.com/abroudoux/twinpick/internal/infrastructure/client/client.go:54.18,57.5 2 0
github.com/abroudoux/twinpick/internal/infrastructure/client/client.go:59.4,60.57 2 0
github.com/abroudoux/twinpick/internal/infrastructure/client/client.go:60.57,63.5 2 0
github.com/abroudoux/twinpick/internal/infrastructure/client/client.go:65.4,69.40 4 0
github.com/abroudoux/twinpick/internal/infrastructure/client/client.go:69.40,71.5 1 0
github.com/abroudoux/twinpick/internal/infrastructure/client/client.go:72.4,72.30 1 0
github.com/abroudoux/twinpick/internal/infrastructure/client/client.go:77.2,80.25 3 0
github.com/abroudoux/twinpick/internal/infrastructure/client/client.go:80.25,82.3 1 0
github.com/abroudoux/twinpick/internal/infrastructure/client/client.go:84.2,84.19 1 0
github.com/abroudoux/twinpick/internal/domain/core.go:8.47,13.2 1 1
github.com/abroudoux/twinpick/internal/domain/core.go:15.57,20.2 1 1
github.com/abroudoux/twinpick/internal/domain/core.go:22.74,27.2 1 1
github.com/abroudoux/twinpick/internal/domain/core.go:29.95,35.2 1 1
github.com/abroudoux/twinpick/internal/domain/core.go:37.75,42.2 1 1
github.com/abroudoux/twinpick/internal/domain/core.go:44.75,45.26 1 1
github.com/abroudoux/twinpick/internal/domain/core.go:45.26,47.3 1 1
github.com/abroudoux/twinpick/internal/domain/core.go:49.2,51.38 3 1
github.com/abroudoux/twinpick/internal/domain/core.go:51.38,52.31 1 1
github.com/abroudoux/twinpick/internal/domain/core.go:52.31,54.4 1 1
github.com/abroudoux/twinpick/internal/domain/core.go:57.2,57.20 1 1
github.com/abroudoux/twinpick/internal/domain/core.go:60.82,62.32 2 1
github.com/abroudoux/twinpick/internal/domain/core.go:62.32,64.30 2 1
github.com/abroudoux/twinpick/internal/domain/core.go:64.30,65.22 1 1
github.com/abroudoux/twinpick/internal/domain/core.go:65.22,68.5 2 1
github.com/abroudoux/twinpick/internal/domain/core.go:72.2,72.18 1 1
github.com/abroudoux/twinpick/internal/domain/core.go:75.51,77.2 1 1
github.com/abroudoux/twinpick/internal/domain/core.go:79.81,80.21 1 1
github.com/abroudoux/twinpick/internal/domain/core.go:80.21,82.3 1 1
github.com/abroudoux/twinpick/internal/domain/core.go:83.2,83.39 1 1
github.com/abroudoux/twinpick/internal/application/pick_service.go:17.63,19.2 1 1
github.com/abroudoux/twinpick/internal/application/pick_service.go:21.75,23.16 2 1
github.com/abroudoux/twinpick/internal/application/pick_service.go:23.16,25.3 1 0
github.com/abroudoux/twinpick/internal/application/pick_service.go:27.2,28.16 2 1
github.com/abroudoux/twinpick/internal/application/pick_service.go:28.16,30.3 1 0
github.com/abroudoux/twinpick/internal/application/pick_service.go:32.2,32.43 1 1
github.com/abroudoux/twinpick/internal/application/pick_service.go:32.43,34.3 1 1
github.com/abroudoux/twinpick/internal/application/pick_service.go:36.2,36.19 1 1
github.com/abroudoux/twinpick/internal/application/pick_service.go:39.130,47.33 2 1
github.com/abroudoux/twinpick/internal/application/pick_service.go:47.33,49.28 2 1
github.com/abroudoux/twinpick/internal/application/pick_service.go:49.28,54.39 5 1
github.com/abroudoux/twinpick/internal/application/pick_service.go:54.39,57.5 2 1
github.com/abroudoux/twinpick/internal/application/pick_service.go:58.4,58.29 1 1
github.com/abroudoux/twinpick/internal/application/pick_service.go:61.2,63.31 2 1
github.com/abroudoux/twinpick/internal/application/spot_service.go:17.65,19.2 1 0
github.com/abroudoux/twinpick/internal/application/spot_service.go:21.75,23.16 2 0
github.com/abroudoux/twinpick/internal/application/spot_service.go:23.16,25.3 1 0
github.com/abroudoux/twinpick/internal/application/spot_service.go:27.2,27.29 1 0
github.com/abroudoux/twinpick/internal/application/spot_service.go:27.29,29.3 1 0
github.com/abroudoux/twinpick/internal/application/spot_service.go:31.2,31.43 1 0
github.com/abroudoux/twinpick/internal/application/spot_service.go:31.43,33.3 1 0
github.com/abroudoux/twinpick/internal/application/spot_service.go:35.2,35.19 1 0
